[2021-09-30T13:44:34.279702+00:00] main.INFO: First message [] []
[2021-09-30T13:44:34.281355+00:00] main.INFO: Second message [] []
[2021-09-30T13:44:50.776362+00:00] main.INFO: First message [] []
[2021-09-30T13:44:50.778829+00:00] main.DEBUG: Second message [] []
[2021-09-30T13:44:51.012626+00:00] main.INFO: First message [] []
[2021-09-30T13:44:51.013752+00:00] main.DEBUG: Second message [] []
[2021-09-30T13:44:51.240116+00:00] main.INFO: First message [] []
[2021-09-30T13:44:51.241281+00:00] main.DEBUG: Second message [] []
[2021-09-30T13:44:51.576449+00:00] main.INFO: First message [] []
[2021-09-30T13:44:51.578142+00:00] main.DEBUG: Second message [] []
[2021-09-30T13:45:08.478240+00:00] main.INFO: First message [] []
[2021-09-30T13:45:08.479822+00:00] main.DEBUG: Second message [] []
[2021-09-30T13:46:08.250646+00:00] main.INFO: First message [] []
[2021-09-30T13:46:20.791453+00:00] main.INFO: First message [] []
[2021-09-30T13:46:20.794207+00:00] main.ALERT: Second message [] []
[2021-09-30T13:47:16.403447+00:00] main.INFO: First message [] []
[2021-09-30T13:47:16.404628+00:00] main.EMERGENCY: Second message [] []
[2021-09-30T14:04:13.551991+00:00] main.INFO: First message [] []
[2021-09-30T14:04:13.554261+00:00] main.INFO: Second message [] []
[2021-09-30T14:05:17.495563+00:00] main.INFO: First message [] []
[2021-09-30T14:05:17.496908+00:00] main.INFO: Second message [] []
[2021-09-30T14:06:02.663583+00:00] main.INFO: First message [] []
[2021-09-30T14:06:02.666104+00:00] main.INFO: Second message [] []
[2021-09-30T14:06:39.004240+00:00] main.INFO: First message [] []
[2021-09-30T14:06:39.006401+00:00] main.INFO: Second message [] []
[2021-09-30T14:06:51.569287+00:00] main.INFO: First message [] []
[2021-09-30T14:06:51.570982+00:00] main.INFO: Second message [] []
[2021-09-30T14:07:02.504529+00:00] main.INFO: First message [] []
[2021-09-30T14:07:02.505966+00:00] main.INFO: Second message [] []
[2021-09-30T14:12:58.826415+00:00] main.INFO: First message [] []
[2021-09-30T14:12:58.828276+00:00] main.INFO: Second message [] []
[2021-09-30T14:13:37.119751+00:00] main.INFO: First message [] []
[2021-09-30T14:13:37.120869+00:00] main.INFO: Second message [] []
[2021-09-30T14:14:08.569484+00:00] main.INFO: First message [] []
[2021-09-30T14:14:08.570764+00:00] main.INFO: Second message [] []
[2021-09-30T14:14:42.206788+00:00] main.INFO: First message [] []
[2021-09-30T14:14:42.208082+00:00] main.INFO: Second message [] []
[2021-09-30T14:20:47.272978+00:00] main.INFO: First message [] []
[2021-09-30T14:20:47.275335+00:00] main.INFO: Second message [] []
[2021-09-30T14:24:45.244852+00:00] main.INFO: First message [] []
[2021-09-30T14:24:45.246618+00:00] main.INFO: Second message [] []
[2021-09-30T14:35:03.562092+00:00] main.INFO: First message [] []
[2021-09-30T14:35:03.564633+00:00] main.INFO: Second message [] []
[2021-09-30T14:35:05.385543+00:00] main.INFO: First message [] []
[2021-09-30T14:35:05.387180+00:00] main.INFO: Second message [] []
[2021-09-30T14:38:16.958313+00:00] main.INFO: First message [] []
[2021-09-30T14:38:16.961639+00:00] main.INFO: Second message [] []
[2021-09-30T14:38:18.373597+00:00] main.INFO: First message [] []
[2021-09-30T14:38:18.375095+00:00] main.INFO: Second message [] []
[2021-09-30T14:38:26.057682+00:00] main.INFO: First message [] []
[2021-09-30T14:38:26.059614+00:00] main.INFO: Second message [] []
[2021-09-30T14:38:54.566098+00:00] main.INFO: First message [] []
[2021-09-30T14:38:54.568613+00:00] main.INFO: Second message [] []
[2021-09-30T14:38:55.686547+00:00] main.INFO: First message [] []
[2021-09-30T14:38:55.689177+00:00] main.INFO: Second message [] []
[2021-09-30T14:39:20.225252+00:00] main.INFO: First message [] []
[2021-09-30T14:39:20.226495+00:00] main.INFO: Second message [] []
[2021-09-30T14:42:54.644965+00:00] main.INFO: First message [] []
[2021-09-30T14:42:54.647226+00:00] main.INFO: Second message [] []
[2021-09-30T14:43:54.595256+00:00] main.INFO: First message [] []
[2021-09-30T14:43:54.596369+00:00] main.INFO: Second message [] []
[2021-09-30T14:44:13.231547+00:00] main.INFO: First message [] []
[2021-09-30T14:44:13.233414+00:00] main.INFO: Second message [] []
[2021-09-30T14:44:18.402441+00:00] main.INFO: First message [] []
[2021-09-30T14:44:18.404919+00:00] main.INFO: Second message [] []
[2021-09-30T14:45:35.691472+00:00] main.INFO: First message [] []
[2021-09-30T14:45:35.693359+00:00] main.INFO: Second message [] []
[2021-09-30T14:46:09.961430+00:00] main.INFO: First message [] []
[2021-09-30T14:46:09.963532+00:00] main.INFO: Second message [] []
[2021-09-30T14:47:02.665528+00:00] main.INFO: First message [] []
[2021-09-30T14:47:02.668007+00:00] main.INFO: Second message [] []
[2021-09-30T14:47:34.139504+00:00] main.INFO: First message [] []
[2021-09-30T14:47:34.140809+00:00] main.INFO: Second message [] []
[2021-09-30T14:47:47.179259+00:00] main.INFO: First message [] []
[2021-09-30T14:47:47.181099+00:00] main.INFO: Second message [] []
[2021-09-30T14:51:45.737174+00:00] main.INFO: First message [] []
[2021-09-30T14:51:45.738608+00:00] main.INFO: Second message [] []
[2021-09-30T14:52:20.523448+00:00] main.INFO: First message [] []
[2021-09-30T14:52:20.525066+00:00] main.INFO: Second message [] []
[2021-09-30T14:52:21.466924+00:00] main.INFO: First message [] []
[2021-09-30T14:52:21.468549+00:00] main.INFO: Second message [] []
[2021-09-30T14:52:21.625714+00:00] main.INFO: First message [] []
[2021-09-30T14:52:21.627039+00:00] main.INFO: Second message [] []
[2021-09-30T14:52:21.775180+00:00] main.INFO: First message [] []
[2021-09-30T14:52:21.776405+00:00] main.INFO: Second message [] []
[2021-09-30T14:52:21.895004+00:00] main.INFO: First message [] []
[2021-09-30T14:52:21.896917+00:00] main.INFO: Second message [] []
[2021-09-30T15:00:18.393561+00:00] main.INFO: First message [] []
[2021-09-30T15:00:18.395423+00:00] main.INFO: Second message [] []
[2021-09-30T15:00:19.490992+00:00] main.INFO: First message [] []
[2021-09-30T15:00:19.493458+00:00] main.INFO: Second message [] []
